<?xml version="1.0" encoding="UTF-8"?>
<!-- Generated by org.testng.reporters.JUnitReportReporter -->
<testsuite hostname="LAPTOP-CJ5HVDLA" failures="0" tests="3" name="com.SwagLabs.TestCases.CartPageTest" time="6.537" errors="0" timestamp="2024-01-02T06:24:19 IST" skipped="0">
  <testcase classname="com.SwagLabs.TestCases.CartPageTest" name="verifyRemove" time="2.031"/>
  <system-out/>
  <testcase classname="com.SwagLabs.TestCases.CartPageTest" name="verifyContinueShopping" time="4.405"/>
  <system-out/>
  <testcase classname="com.SwagLabs.TestCases.CartPageTest" name="verifyCheckout" time="0.101"/>
  <system-out/>
</testsuite> <!-- com.SwagLabs.TestCases.CartPageTest -->
