<?xml version="1.0" encoding="UTF-8"?>
<!-- Generated by org.testng.reporters.JUnitReportReporter -->
<testsuite hostname="LAPTOP-CJ5HVDLA" failures="0" tests="3" name="com.SwagLabs.TestCases.LoginPageTest" time="0.584" errors="0" timestamp="2024-01-01T22:37:32 IST" skipped="0">
  <testcase classname="com.SwagLabs.TestCases.LoginPageTest" name="verifyUrl" time="0.032"/>
  <system-out/>
  <testcase classname="com.SwagLabs.TestCases.LoginPageTest" name="verifyTitle" time="0.022"/>
  <system-out/>
  <testcase classname="com.SwagLabs.TestCases.LoginPageTest" name="verifylogin" time="0.530"/>
  <system-out/>
</testsuite> <!-- com.SwagLabs.TestCases.LoginPageTest -->
