<?xml version="1.0" encoding="UTF-8"?>
<!-- Generated by org.testng.reporters.JUnitReportReporter -->
<testsuite hostname="LAPTOP-CJ5HVDLA" failures="0" tests="2" name="com.SwagLabs.TestCases.CheckOutPageTest" time="2.517" errors="0" timestamp="2024-01-03T05:55:17 IST" skipped="0">
  <testcase classname="com.SwagLabs.TestCases.CheckOutPageTest" name="doVerifyCancel" time="2.140"/>
  <system-out/>
  <testcase classname="com.SwagLabs.TestCases.CheckOutPageTest" name="doVerifyCheckout" time="0.377"/>
  <system-out/>
</testsuite> <!-- com.SwagLabs.TestCases.CheckOutPageTest -->
