<?xml version="1.0" encoding="UTF-8"?>
<!-- Generated by org.testng.reporters.JUnitReportReporter -->
<testsuite hostname="LAPTOP-CJ5HVDLA" failures="0" tests="2" name="com.SwagLabs.TestCases.OverviewPageTest" time="0.599" errors="0" timestamp="2024-01-13T11:18:53 IST" skipped="0">
  <testcase classname="com.SwagLabs.TestCases.OverviewPageTest" name="verifySummary" time="0.293"/>
  <system-out/>
  <testcase classname="com.SwagLabs.TestCases.OverviewPageTest" name="verifyoverview" time="0.306"/>
  <system-out/>
</testsuite> <!-- com.SwagLabs.TestCases.OverviewPageTest -->
